<?xml version="1.0" encoding="utf-8"?><testsuites name="pytest tests"><testsuite name="pytest" errors="0" failures="0" skipped="0" tests="18" time="2.169" timestamp="2026-07-16T13:48:49.673007+00:00" hostname="agent-env-6d1eab7f-be10-4259-b8e5-f28551592e0f"><testcase classname="tests.test_menus_bulk.TestRegression" name="test_pages_public_list" time="0.267" /><testcase classname="tests.test_menus_bulk.TestMenusAdmin" name="test_admin_list_menus_requires_auth" time="0.256" /><testcase classname="tests.test_menus_bulk.TestRegression" name="test_about_page_still_exists" time="0.052" /><testcase classname="tests.test_menus_bulk.TestMenusAdmin" name="test_admin_list_menus" time="0.559" /><testcase classname="tests.test_menus_bulk.TestMenusAdmin" name="test_admin_get_menu" time="0.047" /><testcase classname="tests.test_menus_bulk.TestRegression" name="test_admin_pages_list" time="0.542" /><testcase classname="tests.test_menus_bulk.TestRegression" name="test_categories_still_seeded" time="0.054" /><testcase classname="tests.test_menus_bulk.TestMenusAdmin" name="test_admin_get_empty_menu" time="0.047" /><testcase classname="tests.test_menus_bulk.TestMenusAdmin" name="test_upsert_menu_requires_auth" time="0.114" /><testcase classname="tests.test_menus_bulk.TestMenusPublic" name="test_get_main_menu_seeded" time="0.046" /><testcase classname="tests.test_menus_bulk.TestMenusPublic" name="test_get_footer_menu" time="0.048" /><testcase classname="tests.test_menus_bulk.TestMenusPublic" name="test_get_unknown_menu_returns_empty_not_404" time="0.044" /><testcase classname="tests.test_menus_bulk.TestMenusAdmin" name="test_upsert_menu_auto_generates_ids" time="0.275" /><testcase classname="tests.test_menus_bulk.TestReorder" name="test_reorder_requires_auth" time="0.163" /><testcase classname="tests.test_menus_bulk.TestReorder" name="test_reorder_updates_parent_and_order" time="0.386" /><testcase classname="tests.test_menus_bulk.TestBulkDelete" name="test_bulk_delete_requires_auth" time="0.141" /><testcase classname="tests.test_menus_bulk.TestBulkDelete" name="test_bulk_delete_empty_list" time="0.089" /><testcase classname="tests.test_menus_bulk.TestBulkDelete" name="test_bulk_delete_detaches_children" time="0.327" /></testsuite></testsuites>