<?xml version="1.0" encoding="utf-8"?><testsuites name="pytest tests"><testsuite name="pytest" errors="0" failures="0" skipped="0" tests="15" time="2.992" timestamp="2026-07-16T13:18:33.702073+00:00" hostname="agent-env-6d1eab7f-be10-4259-b8e5-f28551592e0f"><testcase classname="tests.test_pages.TestPagesAuth" name="test_create_requires_auth" time="0.246" /><testcase classname="tests.test_pages.TestPagesAuth" name="test_update_requires_auth" time="0.276" /><testcase classname="tests.test_pages.TestPagesAuth" name="test_delete_requires_auth" time="0.110" /><testcase classname="tests.test_pages.TestPagesCRUD" name="test_create_auto_slug" time="0.599" /><testcase classname="tests.test_pages.TestPagesCRUD" name="test_duplicate_slug_gets_suffix" time="0.131" /><testcase classname="tests.test_pages.TestPagesAuth" name="test_status_requires_auth" time="0.190" /><testcase classname="tests.test_pages.TestPagesCRUD" name="test_public_list_excludes_draft" time="0.215" /><testcase classname="tests.test_pages.TestPagesCRUD" name="test_publish_via_status_endpoint" time="0.168" /><testcase classname="tests.test_pages.TestPagesCRUD" name="test_invalid_status" time="0.127" /><testcase classname="tests.test_pages.TestPagesCRUD" name="test_update_publish_sets_published_at" time="0.114" /><testcase classname="tests.test_pages.TestPagesCRUD" name="test_update_slug_uniqueness" time="0.185" /><testcase classname="tests.test_pages.TestPagesCRUD" name="test_nav_only_filter" time="0.184" /><testcase classname="tests.test_pages.TestPagesCRUD" name="test_delete_page" time="0.170" /><testcase classname="tests.test_pages.TestPagesCRUD" name="test_public_list_sorted" time="0.055" /><testcase classname="tests.test_pages.TestPagesCRUD" name="test_full_page_model_fields" time="0.709" /></testsuite></testsuites>