<?xml version="1.0" encoding="utf-8"?><testsuites name="pytest tests"><testsuite name="pytest" errors="0" failures="0" skipped="0" tests="24" time="69.595" timestamp="2026-07-13T15:45:21.386551+00:00" hostname="agent-env-6d1eab7f-be10-4259-b8e5-f28551592e0f"><testcase classname="tests.backend_test.TestPublicContent" name="test_products_list" time="68.307" /><testcase classname="tests.backend_test.TestAdmin" name="test_overview" time="36.411" /><testcase classname="tests.backend_test.TestAdmin" name="test_product_crud" time="0.291" /><testcase classname="tests.backend_test.TestAdmin" name="test_article_auto_slug" time="0.111" /><testcase classname="tests.backend_test.TestAdmin" name="test_realisation_partner_certification_crud" time="0.290" /><testcase classname="tests.backend_test.TestAdmin" name="test_admin_contact_and_quote_lists_and_status" time="0.443" /><testcase classname="tests.backend_test.TestSubmissions" name="test_contact" time="0.045" /><testcase classname="tests.backend_test.TestSubmissions" name="test_quote_no_consent" time="0.044" /><testcase classname="tests.backend_test.TestSubmissions" name="test_quote_with_consent" time="0.046" /><testcase classname="tests.backend_test.TestSubmissions" name="test_newsletter_and_dedupe" time="0.117" /><testcase classname="tests.backend_test.TestAuth" name="test_login_wrong_password" time="0.267" /><testcase classname="tests.backend_test.TestAuth" name="test_me_with_token" time="0.050" /><testcase classname="tests.backend_test.TestAuth" name="test_admin_endpoint_without_token" time="0.303" /><testcase classname="tests.backend_test.TestPublicContent" name="test_products_filter_category" time="0.060" /><testcase classname="tests.backend_test.TestPublicContent" name="test_products_search" time="0.053" /><testcase classname="tests.backend_test.TestPublicContent" name="test_product_detail" time="0.110" /><testcase classname="tests.backend_test.TestPublicContent" name="test_product_detail_404" time="0.058" /><testcase classname="tests.backend_test.TestPublicContent" name="test_articles_list" time="0.052" /><testcase classname="tests.backend_test.TestPublicContent" name="test_article_by_slug" time="0.166" /><testcase classname="tests.backend_test.TestPublicContent" name="test_realisations" time="0.054" /><testcase classname="tests.backend_test.TestPublicContent" name="test_partners" time="0.057" /><testcase classname="tests.backend_test.TestPublicContent" name="test_certifications" time="0.051" /><testcase classname="tests.backend_test.TestPublicContent" name="test_stats" time="0.053" /><testcase classname="tests.backend_test.TestPublicContent" name="test_search" time="0.057" /></testsuite></testsuites>