<?xml version="1.0" encoding="utf-8"?><testsuites name="pytest tests"><testsuite name="pytest" errors="0" failures="1" skipped="0" tests="32" time="4.296" timestamp="2026-07-16T11:39:48.467722+00:00" hostname="agent-env-6d1eab7f-be10-4259-b8e5-f28551592e0f"><testcase classname="tests.backend_test.TestCategories" name="test_public_list_has_six_seeded" time="0.246" /><testcase classname="tests.backend_test.TestPublicContent" name="test_products_list" time="0.276" /><testcase classname="tests.backend_test.TestCategories" name="test_create_requires_auth" time="0.109" /><testcase classname="tests.backend_test.TestPublicContent" name="test_products_filter_category" time="0.044" /><testcase classname="tests.backend_test.TestPublicContent" name="test_products_search" time="0.088" /><testcase classname="tests.backend_test.TestPublicContent" name="test_product_detail" time="0.265" /><testcase classname="tests.backend_test.TestCategories" name="test_create_invalid_slug_all" time="0.318" /><testcase classname="tests.backend_test.TestCategories" name="test_create_empty_slug" time="0.089"><failure message="assert 200 == 400&#10; +  where 200 = &lt;Response [200]&gt;.status_code">backend/tests/backend_test.py:276: in test_create_empty_slug
    assert r.status_code == 400
E   assert 200 == 400
E    +  where 200 = &lt;Response [200]&gt;.status_code</failure></testcase><testcase classname="tests.backend_test.TestPublicContent" name="test_product_detail_404" time="0.043" /><testcase classname="tests.backend_test.TestPublicContent" name="test_articles_list" time="0.048" /><testcase classname="tests.backend_test.TestPublicContent" name="test_article_by_slug" time="0.183" /><testcase classname="tests.backend_test.TestCategories" name="test_create_duplicate_slug" time="0.085" /><testcase classname="tests.backend_test.TestCategories" name="test_delete_category_with_products_blocked" time="0.088" /><testcase classname="tests.backend_test.TestPublicContent" name="test_realisations" time="0.052" /><testcase classname="tests.backend_test.TestCategories" name="test_full_crud_cycle_with_slug_propagation" time="0.418" /><testcase classname="tests.backend_test.TestPublicContent" name="test_partners" time="0.044" /><testcase classname="tests.backend_test.TestPublicContent" name="test_certifications" time="0.047" /><testcase classname="tests.backend_test.TestPublicContent" name="test_stats" time="0.047" /><testcase classname="tests.backend_test.TestPublicContent" name="test_search" time="0.045" /><testcase classname="tests.backend_test.TestSubmissions" name="test_contact" time="0.422" /><testcase classname="tests.backend_test.TestCategories" name="test_update_slug_conflict" time="0.193" /><testcase classname="tests.backend_test.TestAdmin" name="test_overview" time="0.048" /><testcase classname="tests.backend_test.TestSubmissions" name="test_quote_no_consent" time="0.044" /><testcase classname="tests.backend_test.TestAdmin" name="test_product_crud" time="0.315" /><testcase classname="tests.backend_test.TestSubmissions" name="test_quote_with_consent" time="0.421" /><testcase classname="tests.backend_test.TestAdmin" name="test_article_auto_slug" time="0.099" /><testcase classname="tests.backend_test.TestAdmin" name="test_realisation_partner_certification_crud" time="0.714" /><testcase classname="tests.backend_test.TestSubmissions" name="test_newsletter_and_dedupe" time="0.132" /><testcase classname="tests.backend_test.TestAuth" name="test_login_wrong_password" time="0.265" /><testcase classname="tests.backend_test.TestAuth" name="test_me_with_token" time="0.315" /><testcase classname="tests.backend_test.TestAdmin" name="test_admin_contact_and_quote_lists_and_status" time="1.116" /><testcase classname="tests.backend_test.TestAuth" name="test_admin_endpoint_without_token" time="0.104" /></testsuite></testsuites>